<?xml version="1.0" encoding="UTF-8"?>
<testsuite name="D:/eclipse_workspace/com.hkpossuities"
           tests="3"
           failures="0"
           errors="0"
           skipped="0"
           time="3.639">
  <properties />
  
  
            <testcase name="testGetUser" time="3.194" classname="org.example.testcases.UserManagerCase" />
                <testcase name="testSearchUserByPhone" time="0.247" classname="org.example.testcases.UserManagerCase" />
                <testcase name="testSearchUserByUsername" time="0.198" classname="org.example.testcases.UserManagerCase" />
      
</testsuite>
